[2022-06-20 07:26:24,596][DEBUG][action.admin.indices.mapping.put] [Crimson and the Raven] failed to put mappings on indices [[read_me]], type [_doc]
InvalidTypeNameException[Document mapping type name can't start with '_']
	at org.elasticsearch.cluster.metadata.MetaDataMappingService$PutMappingExecutor.applyRequest(MetaDataMappingService.java:291)
	at org.elasticsearch.cluster.metadata.MetaDataMappingService$PutMappingExecutor.execute(MetaDataMappingService.java:230)
	at org.elasticsearch.cluster.service.InternalClusterService.runTasksForExecutor(InternalClusterService.java:480)
	at org.elasticsearch.cluster.service.InternalClusterService$UpdateTask.run(InternalClusterService.java:784)
	at org.elasticsearch.common.util.concurrent.PrioritizedEsThreadPoolExecutor$TieBreakingPrioritizedRunnable.runAndClean(PrioritizedEsThreadPoolExecutor.java:231)
	at org.elasticsearch.common.util.concurrent.PrioritizedEsThreadPoolExecutor$TieBreakingPrioritizedRunnable.run(PrioritizedEsThreadPoolExecutor.java:194)
	at java.util.concurrent.ThreadPoolExecutor.runWorker(ThreadPoolExecutor.java:1149)
	at java.util.concurrent.ThreadPoolExecutor$Worker.run(ThreadPoolExecutor.java:624)
	at java.lang.Thread.run(Thread.java:748)
[2022-06-20 07:26:24,597][DEBUG][action.index             ] [Crimson and the Raven] failed to execute [index {[read_me][_doc][1], source[{"@timestamp": "2099-11-15T13:12:00", "message": "All indexs has been dropped. But we backup all indexs. The only method of recoveribing database is to pay 0.021 BTC. Transfer to this BTC address 15BdJyWiWRcNQY4xBuhJrmjqz7ZQD6zAcT . You can buy bitcoin here, does not take much time to buy https://localbitcoins.com or https://buy.moonpay.io/ . After paying write to me in the mail with your DB IP: recmydata@onionmail.org and you will receive a link to download your database dump.\n"}]}] on [[read_me][3]]
InvalidTypeNameException[Document mapping type name can't start with '_']
	at org.elasticsearch.cluster.metadata.MetaDataMappingService$PutMappingExecutor.applyRequest(MetaDataMappingService.java:291)
	at org.elasticsearch.cluster.metadata.MetaDataMappingService$PutMappingExecutor.execute(MetaDataMappingService.java:230)
	at org.elasticsearch.cluster.service.InternalClusterService.runTasksForExecutor(InternalClusterService.java:480)
	at org.elasticsearch.cluster.service.InternalClusterService$UpdateTask.run(InternalClusterService.java:784)
	at org.elasticsearch.common.util.concurrent.PrioritizedEsThreadPoolExecutor$TieBreakingPrioritizedRunnable.runAndClean(PrioritizedEsThreadPoolExecutor.java:231)
	at org.elasticsearch.common.util.concurrent.PrioritizedEsThreadPoolExecutor$TieBreakingPrioritizedRunnable.run(PrioritizedEsThreadPoolExecutor.java:194)
	at java.util.concurrent.ThreadPoolExecutor.runWorker(ThreadPoolExecutor.java:1149)
	at java.util.concurrent.ThreadPoolExecutor$Worker.run(ThreadPoolExecutor.java:624)
	at java.lang.Thread.run(Thread.java:748)
[2022-06-20 07:26:24,598][INFO ][cluster.routing.allocation] [Crimson and the Raven] Cluster health status changed from [RED] to [YELLOW] (reason: [shards started [[read_me][4]] ...]).
[2022-06-20 18:09:17,641][WARN ][http.netty               ] [Crimson and the Raven] Caught exception while handling client http traffic, closing connection [id: 0x7f6be911, /192.241.208.127:34358 => /172.18.0.2:9200]
java.lang.IllegalArgumentException: empty text
	at org.jboss.netty.handler.codec.http.HttpVersion.<init>(HttpVersion.java:89)
	at org.jboss.netty.handler.codec.http.HttpVersion.valueOf(HttpVersion.java:62)
	at org.jboss.netty.handler.codec.http.HttpRequestDecoder.createMessage(HttpRequestDecoder.java:75)
	at org.jboss.netty.handler.codec.http.HttpMessageDecoder.decode(HttpMessageDecoder.java:191)
	at org.jboss.netty.handler.codec.http.HttpMessageDecoder.decode(HttpMessageDecoder.java:102)
	at org.jboss.netty.handler.codec.replay.ReplayingDecoder.callDecode(ReplayingDecoder.java:500)
	at org.jboss.netty.handler.codec.replay.ReplayingDecoder.messageReceived(ReplayingDecoder.java:435)
	at org.jboss.netty.channel.SimpleChannelUpstreamHandler.handleUpstream(SimpleChannelUpstreamHandler.java:70)
	at org.jboss.netty.channel.DefaultChannelPipeline.sendUpstream(DefaultChannelPipeline.java:564)
	at org.jboss.netty.channel.DefaultChannelPipeline$DefaultChannelHandlerContext.sendUpstream(DefaultChannelPipeline.java:791)
	at org.elasticsearch.common.netty.OpenChannelsHandler.handleUpstream(OpenChannelsHandler.java:75)
	at org.jboss.netty.channel.DefaultChannelPipeline.sendUpstream(DefaultChannelPipeline.java:564)
	at org.jboss.netty.channel.DefaultChannelPipeline.sendUpstream(DefaultChannelPipeline.java:559)
	at org.jboss.netty.channel.Channels.fireMessageReceived(Channels.java:268)
	at org.jboss.netty.channel.Channels.fireMessageReceived(Channels.java:255)
	at org.jboss.netty.channel.socket.nio.NioWorker.read(NioWorker.java:88)
	at org.jboss.netty.channel.socket.nio.AbstractNioWorker.process(AbstractNioWorker.java:108)
	at org.jboss.netty.channel.socket.nio.AbstractNioSelector.run(AbstractNioSelector.java:337)
	at org.jboss.netty.channel.socket.nio.AbstractNioWorker.run(AbstractNioWorker.java:89)
	at org.jboss.netty.channel.socket.nio.NioWorker.run(NioWorker.java:178)
	at org.jboss.netty.util.ThreadRenamingRunnable.run(ThreadRenamingRunnable.java:108)
	at org.jboss.netty.util.internal.DeadLockProofWorker$1.run(DeadLockProofWorker.java:42)
	at java.util.concurrent.ThreadPoolExecutor.runWorker(ThreadPoolExecutor.java:1149)
	at java.util.concurrent.ThreadPoolExecutor$Worker.run(ThreadPoolExecutor.java:624)
	at java.lang.Thread.run(Thread.java:748)
[2022-06-22 07:48:20,038][INFO ][cluster.metadata         ] [Crimson and the Raven] [client_vdadi] creating index, cause [api], templates [], shards [5]/[1], mappings [datalist]
[2022-06-22 07:48:20,088][INFO ][cluster.routing.allocation] [Crimson and the Raven] Cluster health status changed from [RED] to [YELLOW] (reason: [shards started [[client_vdadi][4]] ...]).
[2022-06-22 07:48:20,241][INFO ][cluster.metadata         ] [Crimson and the Raven] [client_vdadi_word_cloud] creating index, cause [api], templates [], shards [1]/[0], mappings [datalist]
[2022-06-22 07:48:20,256][INFO ][cluster.routing.allocation] [Crimson and the Raven] Cluster health status changed from [RED] to [YELLOW] (reason: [shards started [[client_vdadi_word_cloud][0]] ...]).
[2022-06-22 07:53:29,812][INFO ][cluster.metadata         ] [Crimson and the Raven] [client_vdadi] creating index, cause [api], templates [], shards [5]/[1], mappings [datalist]
[2022-06-22 07:53:29,907][INFO ][cluster.routing.allocation] [Crimson and the Raven] Cluster health status changed from [RED] to [YELLOW] (reason: [shards started [[client_vdadi][4]] ...]).
[2022-06-22 07:53:30,088][INFO ][cluster.metadata         ] [Crimson and the Raven] [client_vdadi_word_cloud] creating index, cause [api], templates [], shards [1]/[0], mappings [datalist]
[2022-06-22 07:53:30,118][INFO ][cluster.routing.allocation] [Crimson and the Raven] Cluster health status changed from [RED] to [YELLOW] (reason: [shards started [[client_vdadi_word_cloud][0]] ...]).
[2022-06-22 07:57:50,187][INFO ][cluster.metadata         ] [Crimson and the Raven] [client_vdadi] creating index, cause [api], templates [], shards [5]/[1], mappings [datalist]
[2022-06-22 07:57:50,231][INFO ][cluster.routing.allocation] [Crimson and the Raven] Cluster health status changed from [RED] to [YELLOW] (reason: [shards started [[client_vdadi][4]] ...]).
[2022-06-22 07:57:50,378][INFO ][cluster.metadata         ] [Crimson and the Raven] [client_vdadi_word_cloud] creating index, cause [api], templates [], shards [1]/[0], mappings [datalist]
[2022-06-22 07:57:50,396][INFO ][cluster.routing.allocation] [Crimson and the Raven] Cluster health status changed from [RED] to [YELLOW] (reason: [shards started [[client_vdadi_word_cloud][0]] ...]).
[2022-06-22 11:11:32,735][INFO ][node                     ] [Crimson and the Raven] stopping ...
[2022-06-22 11:11:32,806][INFO ][node                     ] [Crimson and the Raven] stopped
[2022-06-22 11:11:32,806][INFO ][node                     ] [Crimson and the Raven] closing ...
[2022-06-22 11:11:32,831][INFO ][node                     ] [Crimson and the Raven] closed
[2022-08-08 09:01:56,529][INFO ][node                     ] [Black Dragon] version[2.4.6], pid[1], build[5376dca/2017-07-18T12:17:44Z]
[2022-08-08 09:01:56,530][INFO ][node                     ] [Black Dragon] initializing ...
[2022-08-08 09:01:57,204][INFO ][plugins                  ] [Black Dragon] modules [reindex, lang-expression, lang-groovy], plugins [], sites []
[2022-08-08 09:01:57,287][INFO ][env                      ] [Black Dragon] using [1] data paths, mounts [[/usr/share/elasticsearch/data (/dev/vda1)]], net usable_space [135.8gb], net total_space [154.8gb], spins? [possibly], types [ext4]
[2022-08-08 09:01:57,287][INFO ][env                      ] [Black Dragon] heap size [990.7mb], compressed ordinary object pointers [true]
[2022-08-08 09:01:59,696][INFO ][node                     ] [Black Dragon] initialized
[2022-08-08 09:01:59,696][INFO ][node                     ] [Black Dragon] starting ...
[2022-08-08 09:01:59,925][INFO ][transport                ] [Black Dragon] publish_address {172.18.0.2:9300}, bound_addresses {0.0.0.0:9300}
[2022-08-08 09:01:59,931][INFO ][discovery                ] [Black Dragon] elasticsearch/Nrq4vWTqT-qRHU7X5e9V-w
[2022-08-08 09:02:03,012][INFO ][cluster.service          ] [Black Dragon] new_master {Black Dragon}{Nrq4vWTqT-qRHU7X5e9V-w}{172.18.0.2}{172.18.0.2:9300}, reason: zen-disco-join(elected_as_master, [0] joins received)
[2022-08-08 09:02:03,051][INFO ][http                     ] [Black Dragon] publish_address {172.18.0.2:9200}, bound_addresses {0.0.0.0:9200}
[2022-08-08 09:02:03,051][INFO ][node                     ] [Black Dragon] started
[2022-08-08 09:02:03,095][INFO ][action.support           ] [Black Dragon] updating [action.operate_all_indices] from [false] to [true]
[2022-08-08 09:02:03,208][INFO ][gateway                  ] [Black Dragon] recovered [3] indices into cluster_state
[2022-08-08 09:02:04,408][INFO ][cluster.routing.allocation] [Black Dragon] Cluster health status changed from [RED] to [YELLOW] (reason: [shards started [[read_me][0], [read_me][0]] ...]).
[2022-08-08 09:03:55,981][INFO ][node                     ] [Black Dragon] stopping ...
[2022-08-08 09:03:56,058][INFO ][node                     ] [Black Dragon] stopped
[2022-08-08 09:03:56,059][INFO ][node                     ] [Black Dragon] closing ...
[2022-08-08 09:03:56,062][INFO ][node                     ] [Black Dragon] closed
[2022-08-08 09:15:34,479][INFO ][node                     ] [Demolition Man] version[2.4.6], pid[1], build[5376dca/2017-07-18T12:17:44Z]
[2022-08-08 09:15:34,479][INFO ][node                     ] [Demolition Man] initializing ...
[2022-08-08 09:15:34,958][INFO ][plugins                  ] [Demolition Man] modules [reindex, lang-expression, lang-groovy], plugins [], sites []
[2022-08-08 09:15:35,003][INFO ][env                      ] [Demolition Man] using [1] data paths, mounts [[/usr/share/elasticsearch/data (/dev/vda1)]], net usable_space [135.8gb], net total_space [154.8gb], spins? [possibly], types [ext4]
[2022-08-08 09:15:35,003][INFO ][env                      ] [Demolition Man] heap size [990.7mb], compressed ordinary object pointers [true]
[2022-08-08 09:15:36,434][INFO ][node                     ] [Demolition Man] initialized
[2022-08-08 09:15:36,435][INFO ][node                     ] [Demolition Man] starting ...
[2022-08-08 09:15:36,486][INFO ][transport                ] [Demolition Man] publish_address {172.18.0.2:9300}, bound_addresses {0.0.0.0:9300}
[2022-08-08 09:15:36,490][INFO ][discovery                ] [Demolition Man] elasticsearch/kn7MzEOORxy0WPzvipJS7w
[2022-08-08 09:15:39,524][INFO ][cluster.service          ] [Demolition Man] new_master {Demolition Man}{kn7MzEOORxy0WPzvipJS7w}{172.18.0.2}{172.18.0.2:9300}, reason: zen-disco-join(elected_as_master, [0] joins received)
[2022-08-08 09:15:39,550][INFO ][http                     ] [Demolition Man] publish_address {172.18.0.2:9200}, bound_addresses {0.0.0.0:9200}
[2022-08-08 09:15:39,551][INFO ][node                     ] [Demolition Man] started
[2022-08-08 09:15:39,587][INFO ][action.support           ] [Demolition Man] updating [action.operate_all_indices] from [false] to [true]
[2022-08-08 09:15:39,625][INFO ][gateway                  ] [Demolition Man] recovered [3] indices into cluster_state
[2022-08-08 09:15:40,125][INFO ][cluster.routing.allocation] [Demolition Man] Cluster health status changed from [RED] to [YELLOW] (reason: [shards started [[read_me][0], [read_me][4], [read_me][0]] ...]).
[2022-08-08 22:47:33,453][WARN ][transport.netty          ] [Crimson and the Raven] exception caught on transport layer [[id: 0x54dc9756, /172.104.159.48:36880 :> /172.18.0.2:9300]], closing connection
java.io.StreamCorruptedException: invalid internal transport message format, got (16,3,1,2)
	at org.elasticsearch.transport.netty.SizeHeaderFrameDecoder.decode(SizeHeaderFrameDecoder.java:65)
	at org.jboss.netty.handler.codec.frame.FrameDecoder.callDecode(FrameDecoder.java:425)
	at org.jboss.netty.handler.codec.frame.FrameDecoder.cleanup(FrameDecoder.java:482)
	at org.jboss.netty.handler.codec.frame.FrameDecoder.channelDisconnected(FrameDecoder.java:365)
	at org.jboss.netty.channel.SimpleChannelUpstreamHandler.handleUpstream(SimpleChannelUpstreamHandler.java:102)
	at org.jboss.netty.channel.DefaultChannelPipeline.sendUpstream(DefaultChannelPipeline.java:564)
	at org.jboss.netty.channel.DefaultChannelPipeline$DefaultChannelHandlerContext.sendUpstream(DefaultChannelPipeline.java:791)
	at org.elasticsearch.common.netty.OpenChannelsHandler.handleUpstream(OpenChannelsHandler.java:75)
	at org.jboss.netty.channel.DefaultChannelPipeline.sendUpstream(DefaultChannelPipeline.java:564)
	at org.jboss.netty.channel.DefaultChannelPipeline.sendUpstream(DefaultChannelPipeline.java:559)
	at org.jboss.netty.channel.Channels.fireChannelDisconnected(Channels.java:396)
	at org.jboss.netty.channel.socket.nio.AbstractNioWorker.close(AbstractNioWorker.java:360)
	at org.jboss.netty.channel.socket.nio.NioServerSocketPipelineSink.handleAcceptedSocket(NioServerSocketPipelineSink.java:81)
	at org.jboss.netty.channel.socket.nio.NioServerSocketPipelineSink.eventSunk(NioServerSocketPipelineSink.java:36)
	at org.jboss.netty.channel.DefaultChannelPipeline.sendDownstream(DefaultChannelPipeline.java:574)
	at org.jboss.netty.channel.Channels.close(Channels.java:812)
	at org.jboss.netty.channel.AbstractChannel.close(AbstractChannel.java:205)
	at org.elasticsearch.transport.netty.NettyTransport.exceptionCaught(NettyTransport.java:801)
	at org.elasticsearch.transport.netty.MessageChannelHandler.exceptionCaught(MessageChannelHandler.java:255)
	at org.jboss.netty.channel.SimpleChannelUpstreamHandler.handleUpstream(SimpleChannelUpstreamHandler.java:112)
	at org.jboss.netty.channel.DefaultChannelPipeline.sendUpstream(DefaultChannelPipeline.java:564)
	at org.jboss.netty.channel.DefaultChannelPipeline$DefaultChannelHandlerContext.sendUpstream(DefaultChannelPipeline.java:791)
	at org.jboss.netty.handler.codec.frame.FrameDecoder.exceptionCaught(FrameDecoder.java:377)
	at org.jboss.netty.channel.SimpleChannelUpstreamHandler.handleUpstream(SimpleChannelUpstreamHandler.java:112)
	at org.jboss.netty.channel.DefaultChannelPipeline.sendUpstream(DefaultChannelPipeline.java:564)
	at org.jboss.netty.channel.DefaultChannelPipeline$DefaultChannelHandlerContext.sendUpstream(DefaultChannelPipeline.java:791)
	at org.elasticsearch.common.netty.OpenChannelsHandler.handleUpstream(OpenChannelsHandler.java:75)
	at org.jboss.netty.channel.DefaultChannelPipeline.sendUpstream(DefaultChannelPipeline.java:564)
	at org.jboss.netty.channel.DefaultChannelPipeline.sendUpstream(DefaultChannelPipeline.java:559)
	at org.jboss.netty.channel.Channels.fireExceptionCaught(Channels.java:525)
	at org.jboss.netty.channel.AbstractChannelSink.exceptionCaught(AbstractChannelSink.java:48)
	at org.jboss.netty.channel.DefaultChannelPipeline.notifyHandlerException(DefaultChannelPipeline.java:658)
	at org.jboss.netty.channel.DefaultChannelPipeline.sendUpstream(DefaultChannelPipeline.java:566)
	at org.jboss.netty.channel.DefaultChannelPipeline$DefaultChannelHandlerContext.sendUpstream(DefaultChannelPipeline.java:791)
	at org.elasticsearch.common.netty.OpenChannelsHandler.handleUpstream(OpenChannelsHandler.java:75)
	at org.jboss.netty.channel.DefaultChannelPipeline.sendUpstream(DefaultChannelPipeline.java:564)
	at org.jboss.netty.channel.DefaultChannelPipeline.sendUpstream(DefaultChannelPipeline.java:559)
	at org.jboss.netty.channel.Channels.fireMessageReceived(Channels.java:268)
	at org.jboss.netty.channel.Channels.fireMessageReceived(Channels.java:255)
	at org.jboss.netty.channel.socket.nio.NioWorker.read(NioWorker.java:88)
	at org.jboss.netty.channel.socket.nio.AbstractNioWorker.process(AbstractNioWorker.java:108)
	at org.jboss.netty.channel.socket.nio.AbstractNioSelector.run(AbstractNioSelector.java:337)
	at org.jboss.netty.channel.socket.nio.AbstractNioWorker.run(AbstractNioWorker.java:89)
	at org.jboss.netty.channel.socket.nio.NioWorker.run(NioWorker.java:178)
	at org.jboss.netty.util.ThreadRenamingRunnable.run(ThreadRenamingRunnable.java:108)
	at org.jboss.netty.util.internal.DeadLockProofWorker$1.run(DeadLockProofWorker.java:42)
	at java.util.concurrent.ThreadPoolExecutor.runWorker(ThreadPoolExecutor.java:1149)
	at java.util.concurrent.ThreadPoolExecutor$Worker.run(ThreadPoolExecutor.java:624)
	at java.lang.Thread.run(Thread.java:748)